<?xml version="1.0" encoding="UTF-8"?>
<testng-results ignored="0" total="1" passed="1" failed="0" skipped="0">
  <reporter-output>
  </reporter-output>
  <suite started-at="2024-02-27T22:21:59 IST" name="Default suite" finished-at="2024-02-27T22:22:05 IST" duration-ms="5423">
    <groups>
    </groups>
    <test started-at="2024-02-27T22:21:59 IST" name="Default test" finished-at="2024-02-27T22:22:05 IST" duration-ms="5423">
      <class name="test.DynamicTableTest">
        <test-method is-config="true" signature="setup()[pri:0, instance:test.DynamicTableTest@1ed4ae0f]" started-at="2024-02-27T22:21:59 IST" name="setup" finished-at="2024-02-27T22:22:03 IST" duration-ms="3487" status="PASS">
          <reporter-output>
          </reporter-output>
        </test-method> <!-- setup -->
        <test-method signature="testDynamicTable()[pri:0, instance:test.DynamicTableTest@1ed4ae0f]" started-at="2024-02-27T22:22:03 IST" name="testDynamicTable" finished-at="2024-02-27T22:22:04 IST" duration-ms="1743" status="PASS">
          <reporter-output>
          </reporter-output>
        </test-method> <!-- testDynamicTable -->
        <test-method is-config="true" signature="tearDown()[pri:0, instance:test.DynamicTableTest@1ed4ae0f]" started-at="2024-02-27T22:22:04 IST" name="tearDown" finished-at="2024-02-27T22:22:05 IST" duration-ms="165" status="PASS">
          <reporter-output>
          </reporter-output>
        </test-method> <!-- tearDown -->
      </class> <!-- test.DynamicTableTest -->
    </test> <!-- Default test -->
  </suite> <!-- Default suite -->
</testng-results>
